2022-04-07 20:06:24,944 INFO o.a.j.u.JMeterUtils: Setting Locale to en_EN
2022-04-07 20:06:24,961 INFO o.a.j.JMeter: Loading user properties from: /Users/felixu/Downloads/apache-jmeter-5.4.3/bin/user.properties
2022-04-07 20:06:24,962 INFO o.a.j.JMeter: Loading system properties from: /Users/felixu/Downloads/apache-jmeter-5.4.3/bin/system.properties
2022-04-07 20:06:24,970 INFO o.a.j.JMeter: Copyright (c) 1998-2021 The Apache Software Foundation
2022-04-07 20:06:24,970 INFO o.a.j.JMeter: Version 5.4.3
2022-04-07 20:06:24,970 INFO o.a.j.JMeter: java.version=1.8.0_181
2022-04-07 20:06:24,971 INFO o.a.j.JMeter: java.vm.name=Java HotSpot(TM) 64-Bit Server VM
2022-04-07 20:06:24,971 INFO o.a.j.JMeter: os.name=Mac OS X
2022-04-07 20:06:24,971 INFO o.a.j.JMeter: os.arch=x86_64
2022-04-07 20:06:24,971 INFO o.a.j.JMeter: os.version=10.16
2022-04-07 20:06:24,971 INFO o.a.j.JMeter: file.encoding=UTF-8
2022-04-07 20:06:24,971 INFO o.a.j.JMeter: java.awt.headless=null
2022-04-07 20:06:24,971 INFO o.a.j.JMeter: Max memory     =1073741824
2022-04-07 20:06:24,971 INFO o.a.j.JMeter: Available Processors =8
2022-04-07 20:06:24,975 INFO o.a.j.JMeter: Default Locale=English (EN)
2022-04-07 20:06:24,976 INFO o.a.j.JMeter: JMeter  Locale=English (EN)
2022-04-07 20:06:24,976 INFO o.a.j.JMeter: JMeterHome=/Users/felixu/Downloads/apache-jmeter-5.4.3
2022-04-07 20:06:24,976 INFO o.a.j.JMeter: user.dir  =/Users/felixu/github/felixu1992/samples-for-go
2022-04-07 20:06:24,976 INFO o.a.j.JMeter: PWD       =/Users/felixu/github/felixu1992/samples-for-go
2022-04-07 20:06:24,977 INFO o.a.j.JMeter: IP: 127.0.0.1 Name: MacBook-Pro.local FullName: localhost
2022-04-07 20:06:25,334 INFO o.a.j.JMeter: Setting LAF to: com.github.weisj.darklaf.DarkLaf:com.github.weisj.darklaf.theme.DarculaTheme
2022-04-07 20:06:27,134 INFO o.a.j.JMeter: Loaded icon properties from org/apache/jmeter/images/icon.properties
2022-04-07 20:07:31,876 INFO o.a.j.s.FileServer: Default base='/Users/felixu/github/felixu1992/samples-for-go'
2022-04-07 20:07:31,883 INFO o.a.j.g.a.Load: Loading file: /Users/felixu/Thread Group.jmx
2022-04-07 20:07:31,884 INFO o.a.j.s.FileServer: Set new base='/Users/felixu'
2022-04-07 20:07:32,077 INFO o.a.j.s.SaveService: Testplan (JMX) version: 2.2. Testlog (JTL) version: 2.2
2022-04-07 20:07:32,096 INFO o.a.j.s.SaveService: Using SaveService properties file encoding UTF-8
2022-04-07 20:07:32,098 INFO o.a.j.s.SaveService: Using SaveService properties version 5.0
2022-04-07 20:07:32,103 INFO o.a.j.s.SaveService: Loading file: /Users/felixu/Thread Group.jmx
2022-04-07 20:07:32,144 INFO o.a.j.p.h.s.HTTPSamplerBase: Parser for text/html is org.apache.jmeter.protocol.http.parser.LagartoBasedHtmlParser
2022-04-07 20:07:32,145 INFO o.a.j.p.h.s.HTTPSamplerBase: Parser for application/xhtml+xml is org.apache.jmeter.protocol.http.parser.LagartoBasedHtmlParser
2022-04-07 20:07:32,145 INFO o.a.j.p.h.s.HTTPSamplerBase: Parser for application/xml is org.apache.jmeter.protocol.http.parser.LagartoBasedHtmlParser
2022-04-07 20:07:32,145 INFO o.a.j.p.h.s.HTTPSamplerBase: Parser for text/xml is org.apache.jmeter.protocol.http.parser.LagartoBasedHtmlParser
2022-04-07 20:07:32,145 INFO o.a.j.p.h.s.HTTPSamplerBase: Parser for text/vnd.wap.wml is org.apache.jmeter.protocol.http.parser.RegexpHTMLParser
2022-04-07 20:07:32,145 INFO o.a.j.p.h.s.HTTPSamplerBase: Parser for text/css is org.apache.jmeter.protocol.http.parser.CssParser
2022-04-07 20:07:32,348 INFO o.a.j.s.SampleResult: Note: Sample TimeStamps are START times
2022-04-07 20:07:32,348 INFO o.a.j.s.SampleResult: sampleresult.default.encoding is set to UTF-8
2022-04-07 20:07:32,348 INFO o.a.j.s.SampleResult: sampleresult.useNanoTime=true
2022-04-07 20:07:32,348 INFO o.a.j.s.SampleResult: sampleresult.nanoThreadSleep=5000
2022-04-07 20:07:32,630 INFO o.a.j.s.FileServer: Set new base='/Users/felixu'
2022-04-07 20:07:41,594 INFO o.a.j.e.StandardJMeterEngine: Running the test!
2022-04-07 20:07:41,595 INFO o.a.j.s.SampleEvent: List of sample_variables: []
2022-04-07 20:07:41,595 INFO o.a.j.s.SampleEvent: List of sample_variables: []
2022-04-07 20:07:41,597 INFO o.a.j.e.u.CompoundVariable: Note: Function class names must contain the string: '.functions.'
2022-04-07 20:07:41,597 INFO o.a.j.e.u.CompoundVariable: Note: Function class names must not contain the string: '.gui.'
2022-04-07 20:07:41,909 INFO o.a.j.g.u.JMeterMenuBar: setRunning(true, *local*)
2022-04-07 20:07:42,056 INFO o.a.j.e.StandardJMeterEngine: Starting ThreadGroup: 1 : Thread Group
2022-04-07 20:07:42,056 INFO o.a.j.e.StandardJMeterEngine: Starting 1 threads for group Thread Group.
2022-04-07 20:07:42,056 INFO o.a.j.e.StandardJMeterEngine: Thread will continue on error
2022-04-07 20:07:42,057 INFO o.a.j.t.ThreadGroup: Starting thread group... number=1 threads=1 ramp-up=1 delayedStart=false
2022-04-07 20:07:42,062 INFO o.a.j.t.ThreadGroup: Started thread group number 1
2022-04-07 20:07:42,062 INFO o.a.j.e.StandardJMeterEngine: All thread groups have been started
2022-04-07 20:07:42,064 INFO o.a.j.t.JMeterThread: Thread started: Thread Group 1-1
2022-04-07 20:07:42,081 INFO o.a.j.p.h.s.HTTPHCAbstractImpl: Local host = MacBook-Pro.local
2022-04-07 20:07:42,089 INFO o.a.j.p.h.s.HTTPHC4Impl: HTTP request retry count = 0
2022-04-07 20:07:45,053 INFO o.a.j.t.JMeterThread: Thread is done: Thread Group 1-1
2022-04-07 20:07:45,054 INFO o.a.j.t.JMeterThread: Thread finished: Thread Group 1-1
2022-04-07 20:07:45,054 INFO o.a.j.e.StandardJMeterEngine: Notifying test listeners of end of test
2022-04-07 20:07:45,055 INFO o.a.j.g.u.JMeterMenuBar: setRunning(false, *local*)
2022-04-07 20:08:34,108 INFO o.a.j.e.StandardJMeterEngine: Running the test!
2022-04-07 20:08:34,108 INFO o.a.j.s.SampleEvent: List of sample_variables: []
2022-04-07 20:08:34,111 INFO o.a.j.g.u.JMeterMenuBar: setRunning(true, *local*)
2022-04-07 20:08:34,218 INFO o.a.j.e.StandardJMeterEngine: Starting ThreadGroup: 1 : Thread Group
2022-04-07 20:08:34,218 INFO o.a.j.e.StandardJMeterEngine: Starting 1 threads for group Thread Group.
2022-04-07 20:08:34,218 INFO o.a.j.e.StandardJMeterEngine: Thread will continue on error
2022-04-07 20:08:34,218 INFO o.a.j.t.ThreadGroup: Starting thread group... number=1 threads=1 ramp-up=1 delayedStart=false
2022-04-07 20:08:34,219 INFO o.a.j.t.ThreadGroup: Started thread group number 1
2022-04-07 20:08:34,219 INFO o.a.j.e.StandardJMeterEngine: All thread groups have been started
2022-04-07 20:08:34,220 INFO o.a.j.t.JMeterThread: Thread started: Thread Group 1-1
2022-04-07 20:08:36,812 INFO o.a.j.t.JMeterThread: Thread is done: Thread Group 1-1
2022-04-07 20:08:36,812 INFO o.a.j.t.JMeterThread: Thread finished: Thread Group 1-1
2022-04-07 20:08:36,812 INFO o.a.j.e.StandardJMeterEngine: Notifying test listeners of end of test
2022-04-07 20:08:36,812 INFO o.a.j.g.u.JMeterMenuBar: setRunning(false, *local*)
